[2021-02-20 18:59:52,704][INFO][tie_set_file_rep_from_list]whitelist_loop function starts.
[2021-02-20 18:59:52,720][DEBUG][tie_set_file_rep_from_list]subscribe(): Waiting for Subscriptions lock...
[2021-02-20 18:59:52,721][DEBUG][tie_set_file_rep_from_list]subscribe(): Releasing Subscriptions lock.
[2021-02-20 18:59:52,721][INFO][tie_set_file_rep_from_list]Waiting for broker list...
[2021-02-20 18:59:52,721][DEBUG][tie_set_file_rep_from_list]Checking brokers...
[2021-02-20 18:59:52,721][DEBUG][tie_set_file_rep_from_list]Not using proxy for connection.
[2021-02-20 18:59:52,737][DEBUG][tie_set_file_rep_from_list]Not using proxy for connection.
[2021-02-20 18:59:52,738][INFO][tie_set_file_rep_from_list]Trying to connect...
[2021-02-20 18:59:52,739][DEBUG][tie_set_file_rep_from_list]Not using proxy for connection.
[2021-02-20 18:59:52,739][INFO][tie_set_file_rep_from_list]Trying to connect to broker {Unique id: {c79d0aae-97f9-11ea-1393-0050569ab23d}, Host name: centraltie.blackrelay.local, IP address: 192.168.2.58, Port: 8883}...
[2021-02-20 18:59:52,757][DEBUG][tie_set_file_rep_from_list]MQTT: Sending CONNECT (u0, p0, wr0, wq0, wf0, c1, k1800) client_id=b'{d68f2a31-b45c-4ac3-9d94-e40f8a108a60}'
[2021-02-20 18:59:52,757][INFO][tie_set_file_rep_from_list]Connected to broker {c79d0aae-97f9-11ea-1393-0050569ab23d}
[2021-02-20 18:59:52,757][DEBUG][tie_set_file_rep_from_list]Launching event loop...
[2021-02-20 18:59:52,762][DEBUG][tie_set_file_rep_from_list]MQTT: Received CONNACK (0, 0)
[2021-02-20 18:59:52,762][DEBUG][tie_set_file_rep_from_list]Connected with result code 0
[2021-02-20 18:59:52,762][DEBUG][tie_set_file_rep_from_list]Subscribing to /mcafee/client/{d68f2a31-b45c-4ac3-9d94-e40f8a108a60}
[2021-02-20 18:59:52,763][DEBUG][tie_set_file_rep_from_list]MQTT: Sending SUBSCRIBE (d0, m1) [(b'/mcafee/client/{d68f2a31-b45c-4ac3-9d94-e40f8a108a60}', 0)]
[2021-02-20 18:59:52,763][DEBUG][tie_set_file_rep_from_list]MQTT: Received SUBACK
[2021-02-20 18:59:52,764][DEBUG][tie_set_file_rep_from_list]MQTT: Sending PUBLISH (d0, q0, r0, m2), 'b'/mcafee/service/tie/file/reputation/set'', ... (364 bytes)
[2021-02-20 19:00:22,764][DEBUG][tie_set_file_rep_from_list]Waiting for thread pool completion...
[2021-02-20 19:00:22,764][DEBUG][tie_set_file_rep_from_list]Unsubscribing from /mcafee/client/{d68f2a31-b45c-4ac3-9d94-e40f8a108a60}
[2021-02-20 19:00:22,764][DEBUG][tie_set_file_rep_from_list]MQTT: Sending UNSUBSCRIBE (d0, m3) [b'/mcafee/client/{d68f2a31-b45c-4ac3-9d94-e40f8a108a60}']
[2021-02-20 19:00:22,765][DEBUG][tie_set_file_rep_from_list]MQTT: Received UNSUBACK (Mid: 3)
[2021-02-20 19:00:22,765][DEBUG][tie_set_file_rep_from_list]Stopping event loop...
[2021-02-20 19:00:23,765][DEBUG][tie_set_file_rep_from_list]Trying to disconnect client...
[2021-02-20 19:00:23,766][DEBUG][tie_set_file_rep_from_list]MQTT: Sending DISCONNECT
[2021-02-20 19:00:23,767][DEBUG][tie_set_file_rep_from_list]Disconnected with result code 0
[2021-02-20 19:00:23,768][DEBUG][tie_set_file_rep_from_list]Disconnected.
[2021-02-20 19:00:23,769][DEBUG][tie_set_file_rep_from_list]Shutting down thread pool...
[2021-02-20 19:00:54,216][INFO][tie_set_file_rep_from_list]whitelist_loop function starts.
[2021-02-20 19:00:54,223][DEBUG][tie_set_file_rep_from_list]subscribe(): Waiting for Subscriptions lock...
[2021-02-20 19:00:54,223][DEBUG][tie_set_file_rep_from_list]subscribe(): Releasing Subscriptions lock.
[2021-02-20 19:00:54,224][INFO][tie_set_file_rep_from_list]Waiting for broker list...
[2021-02-20 19:00:54,224][DEBUG][tie_set_file_rep_from_list]Checking brokers...
[2021-02-20 19:00:54,224][DEBUG][tie_set_file_rep_from_list]Not using proxy for connection.
[2021-02-20 19:00:54,263][DEBUG][tie_set_file_rep_from_list]Not using proxy for connection.
[2021-02-20 19:00:54,263][INFO][tie_set_file_rep_from_list]Trying to connect...
[2021-02-20 19:00:54,264][DEBUG][tie_set_file_rep_from_list]Not using proxy for connection.
[2021-02-20 19:00:54,264][INFO][tie_set_file_rep_from_list]Trying to connect to broker {Unique id: {c79d0aae-97f9-11ea-1393-0050569ab23d}, Host name: centraltie.blackrelay.local, IP address: 192.168.2.58, Port: 8883}...
[2021-02-20 19:00:54,268][DEBUG][tie_set_file_rep_from_list]MQTT: Sending CONNECT (u0, p0, wr0, wq0, wf0, c1, k1800) client_id=b'{7a82f528-196e-4353-8b6c-182e8d6767f0}'
[2021-02-20 19:00:54,268][INFO][tie_set_file_rep_from_list]Connected to broker {c79d0aae-97f9-11ea-1393-0050569ab23d}
[2021-02-20 19:00:54,268][DEBUG][tie_set_file_rep_from_list]Launching event loop...
[2021-02-20 19:00:54,269][DEBUG][tie_set_file_rep_from_list]MQTT: Received CONNACK (0, 0)
[2021-02-20 19:00:54,269][DEBUG][tie_set_file_rep_from_list]Connected with result code 0
[2021-02-20 19:00:54,269][DEBUG][tie_set_file_rep_from_list]Subscribing to /mcafee/client/{7a82f528-196e-4353-8b6c-182e8d6767f0}
[2021-02-20 19:00:54,269][DEBUG][tie_set_file_rep_from_list]MQTT: Sending SUBSCRIBE (d0, m1) [(b'/mcafee/client/{7a82f528-196e-4353-8b6c-182e8d6767f0}', 0)]
[2021-02-20 19:00:54,270][DEBUG][tie_set_file_rep_from_list]MQTT: Received SUBACK
[2021-02-20 19:00:54,270][DEBUG][tie_set_file_rep_from_list]MQTT: Sending PUBLISH (d0, q0, r0, m2), 'b'/mcafee/service/tie/file/reputation/set'', ... (364 bytes)
[2021-02-20 19:01:24,271][DEBUG][tie_set_file_rep_from_list]Waiting for thread pool completion...
[2021-02-20 19:01:24,271][DEBUG][tie_set_file_rep_from_list]Unsubscribing from /mcafee/client/{7a82f528-196e-4353-8b6c-182e8d6767f0}
[2021-02-20 19:01:24,271][DEBUG][tie_set_file_rep_from_list]MQTT: Sending UNSUBSCRIBE (d0, m3) [b'/mcafee/client/{7a82f528-196e-4353-8b6c-182e8d6767f0}']
[2021-02-20 19:01:24,272][DEBUG][tie_set_file_rep_from_list]MQTT: Received UNSUBACK (Mid: 3)
[2021-02-20 19:01:24,272][DEBUG][tie_set_file_rep_from_list]Stopping event loop...
[2021-02-20 19:01:25,272][DEBUG][tie_set_file_rep_from_list]Trying to disconnect client...
[2021-02-20 19:01:25,272][DEBUG][tie_set_file_rep_from_list]MQTT: Sending DISCONNECT
[2021-02-20 19:01:25,272][DEBUG][tie_set_file_rep_from_list]Disconnected with result code 0
[2021-02-20 19:01:25,272][DEBUG][tie_set_file_rep_from_list]Disconnected.
[2021-02-20 19:01:25,273][DEBUG][tie_set_file_rep_from_list]Shutting down thread pool...
